<?xml version="1.0" encoding="UTF-8"?>
<!-- Generated by org.testng.reporters.JUnitReportReporter -->
<testsuite hostname="DESKTOP-A0DRGNL" failures="0" tests="1" name="com.selenium.test.actualText_automation.testScript" time="3.253" errors="0" timestamp="11 Apr 2021 06:32:21 GMT" skipped="0">
  <testcase classname="com.selenium.test.actualText_automation.testScript" name="test" time="3.253"/>
</testsuite> <!-- com.selenium.test.actualText_automation.testScript -->
